<?xml version="1.0" encoding="UTF-8" ?>
<testsuite tests="2" failures="0" name="cucumbertests.RunCucumberTest" time="0.288" errors="0" skipped="1">
  <properties>
[...]
</properties>
  <testcase classname="List all buses in a given time" name="I through the system can view buses" time="0.277"/>
  <testcase classname="List all buses in a given time" name="I can search for buses." time="0.011">
    <skipped/>
    <system-out>
Scenario: I can search for buses.           &amp;#27;[90m# cucumbertests/list_all_buses_in_a_given_time.feature:11&amp;#27;[0m
  &amp;#27;[33mGiven &amp;#27;[0m&amp;#27;[33mThere are too many buses available&amp;#27;[0m  &amp;#27;[90m# cucumbertests.StepDefinitions.there_are_too_many_buses_available()&amp;#27;[0m
      &amp;#27;[33mio.cucumber.java.PendingException: TODO: implement me
	at cucumbertests.StepDefinitions.there_are_too_many_buses_available(StepDefinitions.java:48)
	at ?.There are too many buses available(classpath:cucumbertests/list_all_buses_in_a_given_time.feature:12)
&amp;#27;[0m
  &amp;#27;[36mAnd &amp;#27;[0m&amp;#27;[36mI want to take an specific bus&amp;#27;[0m        &amp;#27;[90m# cucumbertests.StepDefinitions.i_want_to_take_an_specific_bus()&amp;#27;[0m
  &amp;#27;[36mWhen &amp;#27;[0m&amp;#27;[36mI insert a keyword on the search bar&amp;#27;[0m &amp;#27;[90m# cucumbertests.StepDefinitions.i_insert_a_keyword_on_the_search_bar()&amp;#27;[0m
  &amp;#27;[36mThen &amp;#27;[0m&amp;#27;[36mTake me to the result page&amp;#27;[0m           &amp;#27;[90m# cucumbertests.StepDefinitions.take_me_to_the_result_page()&amp;#27;[0m
  &amp;#27;[36mAnd &amp;#27;[0m&amp;#27;[36mI should see all the possible matches&amp;#27;[0m &amp;#27;[90m# cucumbertests.StepDefinitions.i_should_see_all_the_possible_matches()&amp;#27;[0m
</system-out>
  </testcase>
</testsuite>